
Started Import Process
# System Details: 
Debug Mode 		: Désactivé
Operating System 	: Darwin
Software 		: Apache/2.4.43 (Unix)
MySQL version 		: 8.0.35
XML Reader 		: Oui
PHP Version 		: 8.4.4
PHP Max Input Vars 	: 4000
PHP Max Post Size 	: 1000M
PHP Extension GD 	: Oui
PHP Max Execution Time 	: 1200
Max Upload Size 	: 300 Mo
Memory Limit 		: Limite de mémoire actuelle 40M. Nous recommandons de régler la mémoire à au moins 64M.
Timezone 		: 0

-----

Importing Started! - 11:45:25 UTC
---

WHY IMPORT PROCESS CAN FAIL? READ THIS - 
https://wpastra.com/docs/?p=1314&utm_source=demo-import-panel&utm_campaign=import-error&utm_medium=wp-dashboard

---
